\BOOKMARK [1][-]{section.1}{Introduction}{}% 1
\BOOKMARK [1][-]{section.2}{Methods}{}% 2
\BOOKMARK [2][-]{subsection.2.1}{Cloud models}{section.2}% 3
\BOOKMARK [2][-]{subsection.2.2}{Velocity structure function}{section.2}% 4
\BOOKMARK [1][-]{section.3}{Results}{}% 5
\BOOKMARK [2][-]{subsection.3.1}{Examples}{section.3}% 6
\BOOKMARK [2][-]{subsection.3.2}{Time evolution}{section.3}% 7
\BOOKMARK [2][-]{subsection.3.3}{Line-of-sight VSF}{section.3}% 8
\BOOKMARK [2][-]{subsection.3.4}{Density thresholds}{section.3}% 9
\BOOKMARK [2][-]{subsection.3.5}{Density weighting}{section.3}% 10
\BOOKMARK [2][-]{subsection.3.6}{Jeans length refinement}{section.3}% 11
\BOOKMARK [1][-]{section.4}{Discussion}{}% 12
\BOOKMARK [2][-]{subsection.4.1}{Time evolution}{section.4}% 13
\BOOKMARK [2][-]{subsection.4.2}{Line-of-sight velocities}{section.4}% 14
\BOOKMARK [2][-]{subsection.4.3}{Density thresholds}{section.4}% 15
\BOOKMARK [2][-]{subsection.4.4}{Density weighting}{section.4}% 16
\BOOKMARK [2][-]{subsection.4.5}{Jeans length refinement}{section.4}% 17
\BOOKMARK [2][-]{subsection.4.6}{Comparison to observations}{section.4}% 18
\BOOKMARK [1][-]{section.5}{Summary and conclusions}{}% 19
\BOOKMARK [1][-]{appendix.A}{Computation and fitting procedures}{}% 20
\BOOKMARK [1][-]{appendix.B}{Inertial range}{}% 21
\BOOKMARK [2][-]{subsection.B.1}{Standard analysis}{appendix.B}% 22
\BOOKMARK [2][-]{subsection.B.2}{No density threshold}{appendix.B}% 23
\BOOKMARK [2][-]{subsection.B.3}{Varying refinement}{appendix.B}% 24
