time [Myr]	zeta(p=1)	zeta(p=2)	zeta(p=3)	zeta(p=4)	zeta(p=5)	zeta(p=6)	zeta(p=7)
 0.0	1.538e+00	3.073e+00	4.606e+00	6.137e+00	7.666e+00	9.194e+00	1.072e+01
 0.1	1.503e+00	3.001e+00	4.495e+00	5.985e+00	7.470e+00	8.952e+00	1.043e+01
 0.2	1.448e+00	2.895e+00	4.341e+00	5.786e+00	7.229e+00	8.671e+00	1.011e+01
 0.3	1.504e+00	3.005e+00	4.503e+00	5.997e+00	7.489e+00	8.978e+00	1.047e+01
 0.4	1.454e+00	2.900e+00	4.340e+00	5.774e+00	7.205e+00	8.632e+00	1.006e+01
 0.5	1.458e+00	2.914e+00	4.368e+00	5.820e+00	7.271e+00	8.721e+00	1.017e+01
 0.6	1.511e+00	3.023e+00	4.535e+00	6.047e+00	7.559e+00	9.071e+00	1.058e+01
 0.7	1.474e+00	2.946e+00	4.418e+00	5.889e+00	7.360e+00	8.830e+00	1.030e+01
 0.8	1.431e+00	2.863e+00	4.295e+00	5.729e+00	7.164e+00	8.599e+00	1.003e+01
 0.9	1.510e+00	3.020e+00	4.531e+00	6.043e+00	7.554e+00	9.066e+00	1.058e+01
 1.0	1.509e+00	3.018e+00	4.528e+00	6.037e+00	7.546e+00	9.054e+00	1.056e+01
 1.1	1.496e+00	2.989e+00	4.479e+00	5.966e+00	7.451e+00	8.935e+00	1.042e+01
 1.2	1.488e+00	2.971e+00	4.451e+00	5.926e+00	7.399e+00	8.869e+00	1.034e+01
 1.3	1.267e+00	2.533e+00	3.800e+00	5.066e+00	6.332e+00	7.598e+00	8.864e+00
 1.4	1.317e+00	2.629e+00	3.935e+00	5.238e+00	6.539e+00	7.839e+00	9.137e+00
 1.5	1.396e+00	2.791e+00	4.187e+00	5.582e+00	6.977e+00	8.373e+00	9.768e+00
 1.6	1.455e+00	2.909e+00	4.363e+00	5.816e+00	7.269e+00	8.722e+00	1.017e+01
 1.7	1.429e+00	2.857e+00	4.283e+00	5.708e+00	7.132e+00	8.554e+00	9.975e+00
 1.8	1.406e+00	2.811e+00	4.216e+00	5.620e+00	7.024e+00	8.427e+00	9.830e+00
 1.9	1.410e+00	2.818e+00	4.224e+00	5.629e+00	7.033e+00	8.435e+00	9.837e+00
 2.0	1.406e+00	2.811e+00	4.213e+00	5.614e+00	7.013e+00	8.411e+00	9.808e+00
 2.1	1.311e+00	2.622e+00	3.934e+00	5.245e+00	6.557e+00	7.869e+00	9.181e+00
 2.2	1.337e+00	2.673e+00	4.008e+00	5.343e+00	6.677e+00	8.010e+00	9.343e+00
 2.3	1.354e+00	2.706e+00	4.057e+00	5.406e+00	6.754e+00	8.100e+00	9.445e+00
 2.4	1.318e+00	2.635e+00	3.950e+00	5.263e+00	6.575e+00	7.885e+00	9.194e+00
 2.5	1.255e+00	2.508e+00	3.758e+00	5.006e+00	6.252e+00	7.496e+00	8.738e+00
 2.6	1.295e+00	2.587e+00	3.876e+00	5.162e+00	6.446e+00	7.728e+00	9.008e+00
 2.7	1.128e+00	2.257e+00	3.387e+00	4.516e+00	5.647e+00	6.777e+00	7.908e+00
 2.8	1.288e+00	2.577e+00	3.865e+00	5.154e+00	6.442e+00	7.730e+00	9.019e+00
 2.9	1.230e+00	2.460e+00	3.691e+00	4.923e+00	6.155e+00	7.389e+00	8.622e+00
 3.0	1.265e+00	2.533e+00	3.801e+00	5.072e+00	6.343e+00	7.616e+00	8.890e+00
 3.1	1.266e+00	2.532e+00	3.799e+00	5.065e+00	6.331e+00	7.597e+00	8.864e+00
 3.2	1.248e+00	2.496e+00	3.744e+00	4.992e+00	6.240e+00	7.488e+00	8.736e+00
 3.3	1.197e+00	2.394e+00	3.592e+00	4.791e+00	5.990e+00	7.189e+00	8.388e+00
 3.4	1.119e+00	2.238e+00	3.358e+00	4.477e+00	5.597e+00	6.716e+00	7.836e+00
 3.5	1.165e+00	2.334e+00	3.506e+00	4.681e+00	5.859e+00	7.038e+00	8.218e+00
 3.6	1.154e+00	2.310e+00	3.465e+00	4.621e+00	5.778e+00	6.935e+00	8.092e+00
 3.7	1.241e+00	2.481e+00	3.719e+00	4.956e+00	6.191e+00	7.425e+00	8.659e+00
 3.8	1.255e+00	2.509e+00	3.762e+00	5.015e+00	6.267e+00	7.517e+00	8.768e+00
 3.9	1.233e+00	2.464e+00	3.691e+00	4.915e+00	6.136e+00	7.355e+00	8.572e+00
 4.0	1.103e+00	2.206e+00	3.307e+00	4.407e+00	5.507e+00	6.606e+00	7.704e+00
 4.1	1.196e+00	2.394e+00	3.592e+00	4.790e+00	5.989e+00	7.188e+00	8.388e+00
 4.2	1.232e+00	2.465e+00	3.698e+00	4.933e+00	6.169e+00	7.405e+00	8.642e+00
 4.3	1.164e+00	2.328e+00	3.494e+00	4.661e+00	5.829e+00	6.998e+00	8.168e+00
 4.4	1.202e+00	2.403e+00	3.602e+00	4.801e+00	5.999e+00	7.197e+00	8.394e+00
 4.5	1.136e+00	2.271e+00	3.404e+00	4.536e+00	5.667e+00	6.798e+00	7.927e+00
 4.6	1.226e+00	2.451e+00	3.675e+00	4.898e+00	6.121e+00	7.343e+00	8.564e+00
 4.7	1.156e+00	2.309e+00	3.461e+00	4.611e+00	5.760e+00	6.908e+00	8.055e+00
 4.8	1.170e+00	2.336e+00	3.499e+00	4.657e+00	5.813e+00	6.965e+00	8.115e+00
 4.9	1.159e+00	2.314e+00	3.466e+00	4.614e+00	5.758e+00	6.900e+00	8.038e+00
 5.0	1.155e+00	2.308e+00	3.457e+00	4.603e+00	5.747e+00	6.888e+00	8.026e+00
 5.1	1.123e+00	2.245e+00	3.365e+00	4.483e+00	5.599e+00	6.714e+00	7.827e+00
 5.2	1.158e+00	2.314e+00	3.469e+00	4.621e+00	5.773e+00	6.922e+00	8.070e+00
 5.3	1.261e+00	2.522e+00	3.784e+00	5.045e+00	6.306e+00	7.568e+00	8.829e+00
 5.4	1.124e+00	2.246e+00	3.366e+00	4.484e+00	5.601e+00	6.716e+00	7.830e+00
 5.5	1.158e+00	2.315e+00	3.469e+00	4.622e+00	5.774e+00	6.923e+00	8.071e+00
 5.6	1.137e+00	2.274e+00	3.410e+00	4.547e+00	5.682e+00	6.818e+00	7.954e+00
 5.7	1.113e+00	2.225e+00	3.336e+00	4.447e+00	5.556e+00	6.665e+00	7.774e+00
 5.8	1.168e+00	2.334e+00	3.500e+00	4.666e+00	5.831e+00	6.995e+00	8.159e+00
 5.9	1.119e+00	2.236e+00	3.351e+00	4.465e+00	5.577e+00	6.688e+00	7.798e+00
 6.0	1.171e+00	2.342e+00	3.513e+00	4.684e+00	5.855e+00	7.025e+00	8.196e+00
 6.1	1.037e+00	2.072e+00	3.107e+00	4.141e+00	5.175e+00	6.208e+00	7.240e+00
 6.2	1.019e+00	2.037e+00	3.053e+00	4.068e+00	5.082e+00	6.094e+00	7.106e+00
 6.3	1.129e+00	2.260e+00	3.390e+00	4.521e+00	5.652e+00	6.784e+00	7.916e+00
 6.4	1.179e+00	2.356e+00	3.533e+00	4.709e+00	5.884e+00	7.059e+00	8.233e+00
 6.5	9.855e-01	1.971e+00	2.956e+00	3.942e+00	4.928e+00	5.913e+00	6.899e+00
